ffmpeg started on 2024-09-24 at 19:55:23
Report written to "ffmpeg-20240924-195523.log"
Log level: 48
Command line:
ffmpeg -report -y -hwaccel cuda -hwaccel_output_format cuda -c:v
ffmpeg version N-116847-gfbd65bf143-g54291f4383+3 Copyright (c) 2000-2024 the FFmpeg developers
  built with gcc 14.2.0 (Rev1, Built by MSYS2 project)
  configuration:  --pkg-config=pkgconf --cc='ccache gcc' --cxx='ccache g++' --ld='ccache g++' --extra-cxxflags=-fpermissive --extra-cflags=-Wno-int-conversion --disable-autodetect --enable-amf --enable-bzlib --enable-cuda --enable-cuvid --enable-d3d11va --enable-dxva2 --enable-iconv --enable-lzma --enable-nvenc --enable-zlib --enable-sdl2 --enable-ffnvcodec --enable-nvdec --enable-cuda-llvm --enable-libmp3lame --enable-libopus --enable-libvorbis --enable-libvpx --enable-libx264 --enable-libx265 --enable-libdav1d --enable-libaom --disable-debug --enable-libfdk-aac --enable-fontconfig --enable-libass --enable-libbluray --enable-libfreetype --enable-libharfbuzz --enable-libmfx --enable-libmysofa --enable-libopencore-amrnb --enable-libopencore-amrwb --enable-libopenjpeg --enable-libsnappy --enable-libsoxr --enable-libspeex --enable-libtheora --enable-libtwolame --enable-libvidstab --enable-libvo-amrwbenc --enable-libwebp --enable-libxml2 --enable-libzimg --enable-libshine --enable-gpl --enable-avisynth --enable-  libavutil      59. 35.100 / 59. 35.100
  libavcodec     61. 11.100 / 61. 11.100
  libavformat    61.  5.101 / 61.  5.101
  libavdevice    61.  2.100 / 61.  2.100
  libavfilter    10.  2.102 / 10.  2.102
  libswscale      8.  2.100 /  8.  2.100
  libswresample   5.  2.100 /  5.  2.100
  libpostproc    58.  2.100 / 58.  2.100
Splitting the commandline.
Reading option '-report' ... matched as option 'report' (generate a report) with argument '1'.
Reading option '-y' ... matched as option 'y' (overwrite output files) with argument '1'.
Reading option '-hwaccel' ... matched as option 'hwaccel' (use HW accelerated decoding) with argument 'cuda'.
Reading option '-hwaccel_output_format' ... matched as option 'hwaccel_output_format' (select output format used with HW accelerated decoding) with argument 'cuda'.
Reading option '-c:v' ...Missing argument for option 'c:v'.
Error splitting the argument list: Invalid argument
